<?xml version="1.0" encoding="UTF-8"?>
<!-- Generated by org.testng.reporters.JUnitXMLReporter -->
<testsuite ignored="0" hostname="LAPTOP-JDLJ19IK" failures="0" tests="3" name="Car loan" time="0.012" errors="0" timestamp="2020-04-26T20:27:39 PDT">
  <testcase classname="testNG.test3" name="ApiLoginCarLoan" time="0.002"/>
  <testcase classname="testNG.test3" name="MobileLoginCarLoan" time="0.002"/>
  <testcase classname="testNG.test3" name="WebloginCarLoan" time="0.002"/>
</testsuite> <!-- Car loan -->
